2019-04-24 09:08:08,709 [Worker-19] INFO  o.e.m.c.i.l.LifecycleMappingFactory - Using org.eclipse.m2e.jdt.JarLifecycleMapping lifecycle mapping for MavenProject: com.stackroute.accountmanager:accountmanager:1.0 @ /home/ubuntu/Desktop/SBA/accountmanager/pom.xml.
2019-04-24 09:08:09,786 [Worker-19] INFO  o.e.m.j.i.AbstractJavaProjectConfigurator - Adding source folder /accountmanager/src/main/java
2019-04-24 09:08:09,786 [Worker-19] INFO  o.e.m.j.i.AbstractJavaProjectConfigurator - Adding resource folder /accountmanager/src/main/resources
2019-04-24 09:08:09,788 [Worker-19] INFO  o.e.m.j.i.AbstractJavaProjectConfigurator - Adding resource folder /accountmanager/src/main/resources
2019-04-24 09:08:09,789 [Worker-19] INFO  o.e.m.j.i.AbstractJavaProjectConfigurator - Adding source folder /accountmanager/src/test/java
2019-04-24 09:08:10,045 [Worker-19] INFO  o.e.m.c.i.p.ProjectConfigurationManager - Imported and configured 1 project(s) in 3 sec
2019-04-24 09:08:12,835 [Worker-1] INFO  o.e.m.c.i.embedder.EclipseLogger - Using 'UTF-8' encoding to copy filtered resources.
2019-04-24 09:08:12,843 [Worker-1] INFO  o.e.m.c.i.embedder.EclipseLogger - Copying 1 resource
2019-04-24 09:08:12,888 [Worker-1] INFO  o.e.m.c.i.embedder.EclipseLogger - Copying 0 resource
2019-04-24 09:08:12,900 [Worker-1] INFO  o.e.m.c.i.embedder.EclipseLogger - Using 'UTF-8' encoding to copy filtered resources.
2019-04-24 09:08:12,900 [Worker-1] INFO  o.e.m.c.i.embedder.EclipseLogger - skip non existing resourceDirectory /home/ubuntu/Desktop/SBA/accountmanager/src/test/resources
2019-04-24 09:08:13,446 [Worker-5] INFO  o.e.m.c.i.embedder.EclipseLogger - Using 'UTF-8' encoding to copy filtered resources.
2019-04-24 09:08:13,447 [Worker-5] INFO  o.e.m.c.i.embedder.EclipseLogger - Copying 0 resource
2019-04-24 09:08:13,447 [Worker-5] INFO  o.e.m.c.i.embedder.EclipseLogger - Copying 0 resource
2019-04-24 09:08:13,449 [Worker-5] INFO  o.e.m.c.i.embedder.EclipseLogger - Using 'UTF-8' encoding to copy filtered resources.
2019-04-24 09:08:13,449 [Worker-5] INFO  o.e.m.c.i.embedder.EclipseLogger - skip non existing resourceDirectory /home/ubuntu/Desktop/SBA/accountmanager/src/test/resources
2019-04-24 09:08:22,643 [Worker-12] INFO  o.e.m.c.i.l.LifecycleMappingFactory - Using org.eclipse.m2e.jdt.JarLifecycleMapping lifecycle mapping for MavenProject: com.stackroute.giphermanager:giphermanager:1.0 @ /home/ubuntu/Desktop/SBA/giphermanager/pom.xml.
2019-04-24 09:08:22,992 [Worker-12] INFO  o.e.m.j.i.AbstractJavaProjectConfigurator - Adding source folder /giphermanager/src/main/java
2019-04-24 09:08:22,992 [Worker-12] INFO  o.e.m.j.i.AbstractJavaProjectConfigurator - Adding resource folder /giphermanager/src/main/resources
2019-04-24 09:08:22,992 [Worker-12] INFO  o.e.m.j.i.AbstractJavaProjectConfigurator - Adding resource folder /giphermanager/src/main/resources
2019-04-24 09:08:22,993 [Worker-12] INFO  o.e.m.j.i.AbstractJavaProjectConfigurator - Adding source folder /giphermanager/src/test/java
2019-04-24 09:08:23,053 [Worker-12] INFO  o.e.m.c.i.p.ProjectConfigurationManager - Imported and configured 1 project(s) in 0 sec
2019-04-24 09:59:27,447 [Worker-6] INFO  o.e.m.c.i.embedder.EclipseLogger - Using 'UTF-8' encoding to copy filtered resources.
2019-04-24 09:59:27,454 [Worker-6] INFO  o.e.m.c.i.embedder.EclipseLogger - Copying 1 resource
2019-04-24 09:59:27,464 [Worker-6] INFO  o.e.m.c.i.embedder.EclipseLogger - Copying 0 resource
2019-04-24 09:59:27,468 [Worker-6] INFO  o.e.m.c.i.embedder.EclipseLogger - Using 'UTF-8' encoding to copy filtered resources.
2019-04-24 09:59:27,468 [Worker-6] INFO  o.e.m.c.i.embedder.EclipseLogger - skip non existing resourceDirectory /home/ubuntu/Desktop/SBA/giphermanager/src/test/resources
